<?xml version="1.0" encoding="UTF-8"?>
<testsuite name="com.rticket.model.UsuarioTest" time="2.997" tests="2" errors="0" skipped="0" failures="1">
  <properties>
[...]
</properties>
  <testcase name="testverificarCaracteres" classname="com.rticket.model.UsuarioTest" time="2.575"/>
  <testcase name="efetuarLogin" classname="com.rticket.model.UsuarioTest" time="0.422">
    <failure message="expected:&lt;false&gt; but was:&lt;true&gt;" type="java.lang.AssertionError"><![CDATA[java.lang.AssertionError: expected:<false> but was:<true>
	at org.junit.Assert.fail(Assert.java:88)
	at org.junit.Assert.failNotEquals(Assert.java:743)
	at org.junit.Assert.assertEquals(Assert.java:118)
	at org.junit.Assert.assertEquals(Assert.java:144)
	at com.rticket.model.UsuarioTest.efetuarLogin(UsuarioTest.java:39)
]]></failure>
    <system-out><![CDATA[Hibernate: select usuario0_.ID as ID5_, usuario0_.ATIVO as ATIVO5_, usuario0_.LOGIN as LOGIN5_, usuario0_.NOME as NOME5_, usuario0_.SENHA as SENHA5_ from USUARIO usuario0_ where usuario0_.LOGIN=? and usuario0_.SENHA=?
]]></system-out>
  </testcase>
</testsuite>